<?xml version="1.0" encoding="UTF-8"?>
<testsuite xmlns:xsi="http://www.w3.org/2001/XMLSchema-instance" xsi:noNamespaceSchemaLocation="https://maven.apache.org/surefire/maven-surefire-plugin/xsd/surefire-test-report.xsd" name="com.company.stockstuff.AppTest" time="0.046" tests="1" errors="0" skipped="0" failures="0">
  <properties>
    <property name="http.proxyHost" value="localhost"/>
    <property name="java.specification.version" value="14"/>
    <property name="sun.jnu.encoding" value="UTF-8"/>
    <property name="java.class.path" value="/Users/alanhuang/Desktop/EC2_files/stockstuff/target/test-classes:/Users/alanhuang/Desktop/EC2_files/stockstuff/target/classes:/Users/alanhuang/.m2/repository/junit/junit/4.11/junit-4.11.jar:/Users/alanhuang/.m2/repository/org/hamcrest/hamcrest-core/1.3/hamcrest-core-1.3.jar:/Users/alanhuang/.m2/repository/com/amazonaws/aws-lambda-java-core/1.2.1/aws-lambda-java-core-1.2.1.jar:/Users/alanhuang/.m2/repository/com/amazonaws/aws-lambda-java-events/1.3.0/aws-lambda-java-events-1.3.0.jar:/Users/alanhuang/.m2/repository/com/amazonaws/aws-java-sdk-s3/1.11.0/aws-java-sdk-s3-1.11.0.jar:/Users/alanhuang/.m2/repository/com/amazonaws/aws-java-sdk-kms/1.11.0/aws-java-sdk-kms-1.11.0.jar:/Users/alanhuang/.m2/repository/com/amazonaws/aws-java-sdk-sns/1.11.0/aws-java-sdk-sns-1.11.0.jar:/Users/alanhuang/.m2/repository/com/amazonaws/aws-java-sdk-sqs/1.11.0/aws-java-sdk-sqs-1.11.0.jar:/Users/alanhuang/.m2/repository/com/amazonaws/aws-java-sdk-cognitoidentity/1.11.0/aws-java-sdk-cognitoidentity-1.11.0.jar:/Users/alanhuang/.m2/repository/com/amazonaws/aws-java-sdk-kinesis/1.11.0/aws-java-sdk-kinesis-1.11.0.jar:/Users/alanhuang/.m2/repository/com/amazonaws/aws-java-sdk-dynamodb/1.12.20/aws-java-sdk-dynamodb-1.12.20.jar:/Users/alanhuang/.m2/repository/com/amazonaws/aws-java-sdk-core/1.12.20/aws-java-sdk-core-1.12.20.jar:/Users/alanhuang/.m2/repository/commons-logging/commons-logging/1.1.3/commons-logging-1.1.3.jar:/Users/alanhuang/.m2/repository/commons-codec/commons-codec/1.15/commons-codec-1.15.jar:/Users/alanhuang/.m2/repository/org/apache/httpcomponents/httpclient/4.5.13/httpclient-4.5.13.jar:/Users/alanhuang/.m2/repository/org/apache/httpcomponents/httpcore/4.4.13/httpcore-4.4.13.jar:/Users/alanhuang/.m2/repository/software/amazon/ion/ion-java/1.0.2/ion-java-1.0.2.jar:/Users/alanhuang/.m2/repository/com/fasterxml/jackson/core/jackson-databind/2.12.3/jackson-databind-2.12.3.jar:/Users/alanhuang/.m2/repository/com/fasterxml/jackson/core/jackson-annotations/2.12.3/jackson-annotations-2.12.3.jar:/Users/alanhuang/.m2/repository/com/fasterxml/jackson/core/jackson-core/2.12.3/jackson-core-2.12.3.jar:/Users/alanhuang/.m2/repository/com/fasterxml/jackson/dataformat/jackson-dataformat-cbor/2.12.3/jackson-dataformat-cbor-2.12.3.jar:/Users/alanhuang/.m2/repository/joda-time/joda-time/2.8.1/joda-time-2.8.1.jar:/Users/alanhuang/.m2/repository/com/amazonaws/jmespath-java/1.12.20/jmespath-java-1.12.20.jar:"/>
    <property name="https.proxyPort" value="8080"/>
    <property name="java.vm.vendor" value="Oracle Corporation"/>
    <property name="sun.arch.data.model" value="64"/>
    <property name="java.vendor.url" value="https://openjdk.java.net/"/>
    <property name="os.name" value="Mac OS X"/>
    <property name="java.vm.specification.version" value="14"/>
    <property name="sun.java.launcher" value="SUN_STANDARD"/>
    <property name="user.country" value="US"/>
    <property name="sun.boot.library.path" value="/usr/local/Cellar/openjdk/14.0.1/libexec/openjdk.jdk/Contents/Home/lib"/>
    <property name="sun.java.command" value="/Users/alanhuang/Desktop/EC2_files/stockstuff/target/surefire/surefirebooter9041439791740029652.jar /Users/alanhuang/Desktop/EC2_files/stockstuff/target/surefire 2021-07-24T16-00-10_890-jvmRun1 surefire13111519120904148826tmp surefire_0668338256672803468tmp"/>
    <property name="http.nonProxyHosts" value="local|*.local|169.254/16|*.169.254/16"/>
    <property name="jdk.debug" value="release"/>
    <property name="surefire.test.class.path" value="/Users/alanhuang/Desktop/EC2_files/stockstuff/target/test-classes:/Users/alanhuang/Desktop/EC2_files/stockstuff/target/classes:/Users/alanhuang/.m2/repository/junit/junit/4.11/junit-4.11.jar:/Users/alanhuang/.m2/repository/org/hamcrest/hamcrest-core/1.3/hamcrest-core-1.3.jar:/Users/alanhuang/.m2/repository/com/amazonaws/aws-lambda-java-core/1.2.1/aws-lambda-java-core-1.2.1.jar:/Users/alanhuang/.m2/repository/com/amazonaws/aws-lambda-java-events/1.3.0/aws-lambda-java-events-1.3.0.jar:/Users/alanhuang/.m2/repository/com/amazonaws/aws-java-sdk-s3/1.11.0/aws-java-sdk-s3-1.11.0.jar:/Users/alanhuang/.m2/repository/com/amazonaws/aws-java-sdk-kms/1.11.0/aws-java-sdk-kms-1.11.0.jar:/Users/alanhuang/.m2/repository/com/amazonaws/aws-java-sdk-sns/1.11.0/aws-java-sdk-sns-1.11.0.jar:/Users/alanhuang/.m2/repository/com/amazonaws/aws-java-sdk-sqs/1.11.0/aws-java-sdk-sqs-1.11.0.jar:/Users/alanhuang/.m2/repository/com/amazonaws/aws-java-sdk-cognitoidentity/1.11.0/aws-java-sdk-cognitoidentity-1.11.0.jar:/Users/alanhuang/.m2/repository/com/amazonaws/aws-java-sdk-kinesis/1.11.0/aws-java-sdk-kinesis-1.11.0.jar:/Users/alanhuang/.m2/repository/com/amazonaws/aws-java-sdk-dynamodb/1.12.20/aws-java-sdk-dynamodb-1.12.20.jar:/Users/alanhuang/.m2/repository/com/amazonaws/aws-java-sdk-core/1.12.20/aws-java-sdk-core-1.12.20.jar:/Users/alanhuang/.m2/repository/commons-logging/commons-logging/1.1.3/commons-logging-1.1.3.jar:/Users/alanhuang/.m2/repository/commons-codec/commons-codec/1.15/commons-codec-1.15.jar:/Users/alanhuang/.m2/repository/org/apache/httpcomponents/httpclient/4.5.13/httpclient-4.5.13.jar:/Users/alanhuang/.m2/repository/org/apache/httpcomponents/httpcore/4.4.13/httpcore-4.4.13.jar:/Users/alanhuang/.m2/repository/software/amazon/ion/ion-java/1.0.2/ion-java-1.0.2.jar:/Users/alanhuang/.m2/repository/com/fasterxml/jackson/core/jackson-databind/2.12.3/jackson-databind-2.12.3.jar:/Users/alanhuang/.m2/repository/com/fasterxml/jackson/core/jackson-annotations/2.12.3/jackson-annotations-2.12.3.jar:/Users/alanhuang/.m2/repository/com/fasterxml/jackson/core/jackson-core/2.12.3/jackson-core-2.12.3.jar:/Users/alanhuang/.m2/repository/com/fasterxml/jackson/dataformat/jackson-dataformat-cbor/2.12.3/jackson-dataformat-cbor-2.12.3.jar:/Users/alanhuang/.m2/repository/joda-time/joda-time/2.8.1/joda-time-2.8.1.jar:/Users/alanhuang/.m2/repository/com/amazonaws/jmespath-java/1.12.20/jmespath-java-1.12.20.jar:"/>
    <property name="sun.cpu.endian" value="little"/>
    <property name="user.home" value="/Users/alanhuang"/>
    <property name="user.language" value="en"/>
    <property name="java.specification.vendor" value="Oracle Corporation"/>
    <property name="java.version.date" value="2020-04-14"/>
    <property name="java.home" value="/usr/local/Cellar/openjdk/14.0.1/libexec/openjdk.jdk/Contents/Home"/>
    <property name="file.separator" value="/"/>
    <property name="https.proxyHost" value="localhost"/>
    <property name="basedir" value="/Users/alanhuang/Desktop/EC2_files/stockstuff"/>
    <property name="java.vm.compressedOopsMode" value="Zero based"/>
    <property name="line.separator" value="&#10;"/>
    <property name="java.vm.specification.vendor" value="Oracle Corporation"/>
    <property name="java.specification.name" value="Java Platform API Specification"/>
    <property name="surefire.real.class.path" value="/Users/alanhuang/Desktop/EC2_files/stockstuff/target/surefire/surefirebooter9041439791740029652.jar"/>
    <property name="sun.management.compiler" value="HotSpot 64-Bit Tiered Compilers"/>
    <property name="ftp.nonProxyHosts" value="local|*.local|169.254/16|*.169.254/16"/>
    <property name="java.runtime.version" value="14.0.1+14"/>
    <property name="user.name" value="alanhuang"/>
    <property name="path.separator" value=":"/>
    <property name="os.version" value="10.15.7"/>
    <property name="java.runtime.name" value="OpenJDK Runtime Environment"/>
    <property name="file.encoding" value="UTF-8"/>
    <property name="java.vm.name" value="OpenJDK 64-Bit Server VM"/>
    <property name="localRepository" value="/Users/alanhuang/.m2/repository"/>
    <property name="java.vendor.url.bug" value="https://bugreport.java.com/bugreport/"/>
    <property name="java.io.tmpdir" value="/var/folders/vw/0dq4wrps2lg0j_kt2x68kwdr0000gn/T/"/>
    <property name="java.version" value="14.0.1"/>
    <property name="user.dir" value="/Users/alanhuang/Desktop/EC2_files/stockstuff"/>
    <property name="os.arch" value="x86_64"/>
    <property name="java.vm.specification.name" value="Java Virtual Machine Specification"/>
    <property name="java.library.path" value="/Users/alanhuang/Library/Java/Extensions:/Library/Java/Extensions:/Network/Library/Java/Extensions:/System/Library/Java/Extensions:/usr/lib/java:."/>
    <property name="java.vm.info" value="mixed mode, sharing"/>
    <property name="java.vendor" value="N/A"/>
    <property name="java.vm.version" value="14.0.1+14"/>
    <property name="sun.io.unicode.encoding" value="UnicodeBig"/>
    <property name="socksNonProxyHosts" value="local|*.local|169.254/16|*.169.254/16"/>
    <property name="java.class.version" value="58.0"/>
    <property name="http.proxyPort" value="8080"/>
  </properties>
  <testcase name="shouldAnswerWithTrue" classname="com.company.stockstuff.AppTest" time="0.001"/>
</testsuite>